<?xml version="1.0" encoding="UTF-8"?>
<testsuite xmlns:xsi="http://www.w3.org/2001/XMLSchema-instance" xsi:noNamespaceSchemaLocation="https://maven.apache.org/surefire/maven-surefire-plugin/xsd/surefire-test-report.xsd" name="com.lyq.SpringbootElasticsearchApplicationTests" time="16.96" tests="12" errors="12" skipped="0" failures="0">
  <properties>
    <property name="sun.desktop" value="windows"/>
    <property name="awt.toolkit" value="sun.awt.windows.WToolkit"/>
    <property name="file.encoding.pkg" value="sun.io"/>
    <property name="java.specification.version" value="1.8"/>
    <property name="sun.cpu.isalist" value="amd64"/>
    <property name="sun.jnu.encoding" value="GBK"/>
    <property name="java.class.path" value="C:\Software\Java EE workspace\mall-test\mall-elasticsearch\target\test-classes;C:\Software\Java EE workspace\mall-test\mall-elasticsearch\target\classes;C:\Software\Maven\repository\org\springframework\boot\spring-boot-starter-data-elasticsearch\2.2.0.RELEASE\spring-boot-starter-data-elasticsearch-2.2.0.RELEASE.jar;C:\Software\Maven\repository\org\springframework\boot\spring-boot-starter\2.2.0.RELEASE\spring-boot-starter-2.2.0.RELEASE.jar;C:\Software\Maven\repository\org\springframework\boot\spring-boot\2.2.0.RELEASE\spring-boot-2.2.0.RELEASE.jar;C:\Software\Maven\repository\org\springframework\boot\spring-boot-starter-logging\2.2.0.RELEASE\spring-boot-starter-logging-2.2.0.RELEASE.jar;C:\Software\Maven\repository\ch\qos\logback\logback-classic\1.2.3\logback-classic-1.2.3.jar;C:\Software\Maven\repository\ch\qos\logback\logback-core\1.2.3\logback-core-1.2.3.jar;C:\Software\Maven\repository\org\apache\logging\log4j\log4j-to-slf4j\2.12.1\log4j-to-slf4j-2.12.1.jar;C:\Software\Maven\repository\org\apache\logging\log4j\log4j-api\2.12.1\log4j-api-2.12.1.jar;C:\Software\Maven\repository\org\slf4j\jul-to-slf4j\1.7.28\jul-to-slf4j-1.7.28.jar;C:\Software\Maven\repository\jakarta\annotation\jakarta.annotation-api\1.3.5\jakarta.annotation-api-1.3.5.jar;C:\Software\Maven\repository\org\yaml\snakeyaml\1.25\snakeyaml-1.25.jar;C:\Software\Maven\repository\org\springframework\data\spring-data-elasticsearch\3.2.0.RELEASE\spring-data-elasticsearch-3.2.0.RELEASE.jar;C:\Software\Maven\repository\org\springframework\spring-context\5.2.0.RELEASE\spring-context-5.2.0.RELEASE.jar;C:\Software\Maven\repository\org\springframework\spring-tx\5.2.0.RELEASE\spring-tx-5.2.0.RELEASE.jar;C:\Software\Maven\repository\org\springframework\data\spring-data-commons\2.2.0.RELEASE\spring-data-commons-2.2.0.RELEASE.jar;C:\Software\Maven\repository\joda-time\joda-time\2.10.4\joda-time-2.10.4.jar;C:\Software\Maven\repository\org\elasticsearch\client\transport\6.8.3\transport-6.8.3.jar;C:\Software\Maven\repository\org\elasticsearch\elasticsearch\6.8.3\elasticsearch-6.8.3.jar;C:\Software\Maven\repository\org\elasticsearch\elasticsearch-core\6.8.3\elasticsearch-core-6.8.3.jar;C:\Software\Maven\repository\org\elasticsearch\elasticsearch-secure-sm\6.8.3\elasticsearch-secure-sm-6.8.3.jar;C:\Software\Maven\repository\org\elasticsearch\elasticsearch-x-content\6.8.3\elasticsearch-x-content-6.8.3.jar;C:\Software\Maven\repository\com\fasterxml\jackson\dataformat\jackson-dataformat-smile\2.10.0\jackson-dataformat-smile-2.10.0.jar;C:\Software\Maven\repository\com\fasterxml\jackson\dataformat\jackson-dataformat-yaml\2.10.0\jackson-dataformat-yaml-2.10.0.jar;C:\Software\Maven\repository\com\fasterxml\jackson\dataformat\jackson-dataformat-cbor\2.10.0\jackson-dataformat-cbor-2.10.0.jar;C:\Software\Maven\repository\org\apache\lucene\lucene-core\7.7.0\lucene-core-7.7.0.jar;C:\Software\Maven\repository\org\apache\lucene\lucene-analyzers-common\7.7.0\lucene-analyzers-common-7.7.0.jar;C:\Software\Maven\repository\org\apache\lucene\lucene-backward-codecs\7.7.0\lucene-backward-codecs-7.7.0.jar;C:\Software\Maven\repository\org\apache\lucene\lucene-grouping\7.7.0\lucene-grouping-7.7.0.jar;C:\Software\Maven\repository\org\apache\lucene\lucene-highlighter\7.7.0\lucene-highlighter-7.7.0.jar;C:\Software\Maven\repository\org\apache\lucene\lucene-join\7.7.0\lucene-join-7.7.0.jar;C:\Software\Maven\repository\org\apache\lucene\lucene-memory\7.7.0\lucene-memory-7.7.0.jar;C:\Software\Maven\repository\org\apache\lucene\lucene-misc\7.7.0\lucene-misc-7.7.0.jar;C:\Software\Maven\repository\org\apache\lucene\lucene-queries\7.7.0\lucene-queries-7.7.0.jar;C:\Software\Maven\repository\org\apache\lucene\lucene-queryparser\7.7.0\lucene-queryparser-7.7.0.jar;C:\Software\Maven\repository\org\apache\lucene\lucene-sandbox\7.7.0\lucene-sandbox-7.7.0.jar;C:\Software\Maven\repository\org\apache\lucene\lucene-spatial\7.7.0\lucene-spatial-7.7.0.jar;C:\Software\Maven\repository\org\apache\lucene\lucene-spatial-extras\7.7.0\lucene-spatial-extras-7.7.0.jar;C:\Software\Maven\repository\org\apache\lucene\lucene-spatial3d\7.7.0\lucene-spatial3d-7.7.0.jar;C:\Software\Maven\repository\org\apache\lucene\lucene-suggest\7.7.0\lucene-suggest-7.7.0.jar;C:\Software\Maven\repository\org\elasticsearch\elasticsearch-cli\6.8.3\elasticsearch-cli-6.8.3.jar;C:\Software\Maven\repository\net\sf\jopt-simple\jopt-simple\5.0.2\jopt-simple-5.0.2.jar;C:\Software\Maven\repository\com\carrotsearch\hppc\0.7.1\hppc-0.7.1.jar;C:\Software\Maven\repository\com\tdunning\t-digest\3.2\t-digest-3.2.jar;C:\Software\Maven\repository\org\elasticsearch\jna\4.5.1\jna-4.5.1.jar;C:\Software\Maven\repository\org\elasticsearch\plugin\reindex-client\6.8.3\reindex-client-6.8.3.jar;C:\Software\Maven\repository\org\elasticsearch\elasticsearch-ssl-config\6.8.3\elasticsearch-ssl-config-6.8.3.jar;C:\Software\Maven\repository\org\elasticsearch\plugin\lang-mustache-client\6.8.3\lang-mustache-client-6.8.3.jar;C:\Software\Maven\repository\com\github\spullara\mustache\java\compiler\0.9.3\compiler-0.9.3.jar;C:\Software\Maven\repository\org\elasticsearch\plugin\percolator-client\6.8.3\percolator-client-6.8.3.jar;C:\Software\Maven\repository\org\elasticsearch\plugin\parent-join-client\6.8.3\parent-join-client-6.8.3.jar;C:\Software\Maven\repository\org\elasticsearch\plugin\rank-eval-client\6.8.3\rank-eval-client-6.8.3.jar;C:\Software\Maven\repository\org\elasticsearch\plugin\transport-netty4-client\6.8.3\transport-netty4-client-6.8.3.jar;C:\Software\Maven\repository\io\netty\netty-buffer\4.1.42.Final\netty-buffer-4.1.42.Final.jar;C:\Software\Maven\repository\io\netty\netty-codec\4.1.42.Final\netty-codec-4.1.42.Final.jar;C:\Software\Maven\repository\io\netty\netty-codec-http\4.1.42.Final\netty-codec-http-4.1.42.Final.jar;C:\Software\Maven\repository\io\netty\netty-common\4.1.42.Final\netty-common-4.1.42.Final.jar;C:\Software\Maven\repository\io\netty\netty-handler\4.1.42.Final\netty-handler-4.1.42.Final.jar;C:\Software\Maven\repository\io\netty\netty-resolver\4.1.42.Final\netty-resolver-4.1.42.Final.jar;C:\Software\Maven\repository\io\netty\netty-transport\4.1.42.Final\netty-transport-4.1.42.Final.jar;C:\Software\Maven\repository\org\elasticsearch\client\elasticsearch-rest-high-level-client\6.8.3\elasticsearch-rest-high-level-client-6.8.3.jar;C:\Software\Maven\repository\org\elasticsearch\client\elasticsearch-rest-client\6.8.3\elasticsearch-rest-client-6.8.3.jar;C:\Software\Maven\repository\org\apache\httpcomponents\httpasyncclient\4.1.4\httpasyncclient-4.1.4.jar;C:\Software\Maven\repository\org\apache\httpcomponents\httpcore-nio\4.4.12\httpcore-nio-4.4.12.jar;C:\Software\Maven\repository\org\elasticsearch\plugin\aggs-matrix-stats-client\6.8.3\aggs-matrix-stats-client-6.8.3.jar;C:\Software\Maven\repository\com\fasterxml\jackson\core\jackson-core\2.10.0\jackson-core-2.10.0.jar;C:\Software\Maven\repository\com\fasterxml\jackson\core\jackson-databind\2.10.0\jackson-databind-2.10.0.jar;C:\Software\Maven\repository\com\fasterxml\jackson\core\jackson-annotations\2.10.0\jackson-annotations-2.10.0.jar;C:\Software\Maven\repository\org\springframework\boot\spring-boot-starter-web\2.2.0.RELEASE\spring-boot-starter-web-2.2.0.RELEASE.jar;C:\Software\Maven\repository\org\springframework\boot\spring-boot-starter-json\2.2.0.RELEASE\spring-boot-starter-json-2.2.0.RELEASE.jar;C:\Software\Maven\repository\com\fasterxml\jackson\datatype\jackson-datatype-jdk8\2.10.0\jackson-datatype-jdk8-2.10.0.jar;C:\Software\Maven\repository\com\fasterxml\jackson\datatype\jackson-datatype-jsr310\2.10.0\jackson-datatype-jsr310-2.10.0.jar;C:\Software\Maven\repository\com\fasterxml\jackson\module\jackson-module-parameter-names\2.10.0\jackson-module-parameter-names-2.10.0.jar;C:\Software\Maven\repository\org\springframework\boot\spring-boot-starter-tomcat\2.2.0.RELEASE\spring-boot-starter-tomcat-2.2.0.RELEASE.jar;C:\Software\Maven\repository\org\apache\tomcat\embed\tomcat-embed-core\9.0.27\tomcat-embed-core-9.0.27.jar;C:\Software\Maven\repository\org\apache\tomcat\embed\tomcat-embed-el\9.0.27\tomcat-embed-el-9.0.27.jar;C:\Software\Maven\repository\org\apache\tomcat\embed\tomcat-embed-websocket\9.0.27\tomcat-embed-websocket-9.0.27.jar;C:\Software\Maven\repository\org\springframework\boot\spring-boot-starter-validation\2.2.0.RELEASE\spring-boot-starter-validation-2.2.0.RELEASE.jar;C:\Software\Maven\repository\jakarta\validation\jakarta.validation-api\2.0.1\jakarta.validation-api-2.0.1.jar;C:\Software\Maven\repository\org\hibernate\validator\hibernate-validator\6.0.17.Final\hibernate-validator-6.0.17.Final.jar;C:\Software\Maven\repository\org\jboss\logging\jboss-logging\3.4.1.Final\jboss-logging-3.4.1.Final.jar;C:\Software\Maven\repository\com\fasterxml\classmate\1.5.0\classmate-1.5.0.jar;C:\Software\Maven\repository\org\springframework\spring-web\5.2.0.RELEASE\spring-web-5.2.0.RELEASE.jar;C:\Software\Maven\repository\org\springframework\spring-beans\5.2.0.RELEASE\spring-beans-5.2.0.RELEASE.jar;C:\Software\Maven\repository\org\springframework\spring-webmvc\5.2.0.RELEASE\spring-webmvc-5.2.0.RELEASE.jar;C:\Software\Maven\repository\org\springframework\spring-aop\5.2.0.RELEASE\spring-aop-5.2.0.RELEASE.jar;C:\Software\Maven\repository\org\springframework\spring-expression\5.2.0.RELEASE\spring-expression-5.2.0.RELEASE.jar;C:\Software\Maven\repository\org\springframework\boot\spring-boot-starter-test\2.2.0.RELEASE\spring-boot-starter-test-2.2.0.RELEASE.jar;C:\Software\Maven\repository\org\springframework\boot\spring-boot-test\2.2.0.RELEASE\spring-boot-test-2.2.0.RELEASE.jar;C:\Software\Maven\repository\org\springframework\boot\spring-boot-test-autoconfigure\2.2.0.RELEASE\spring-boot-test-autoconfigure-2.2.0.RELEASE.jar;C:\Software\Maven\repository\com\jayway\jsonpath\json-path\2.4.0\json-path-2.4.0.jar;C:\Software\Maven\repository\net\minidev\json-smart\2.3\json-smart-2.3.jar;C:\Software\Maven\repository\net\minidev\accessors-smart\1.2\accessors-smart-1.2.jar;C:\Software\Maven\repository\org\ow2\asm\asm\5.0.4\asm-5.0.4.jar;C:\Software\Maven\repository\jakarta\xml\bind\jakarta.xml.bind-api\2.3.2\jakarta.xml.bind-api-2.3.2.jar;C:\Software\Maven\repository\jakarta\activation\jakarta.activation-api\1.2.1\jakarta.activation-api-1.2.1.jar;C:\Software\Maven\repository\org\junit\jupiter\junit-jupiter\5.5.2\junit-jupiter-5.5.2.jar;C:\Software\Maven\repository\org\junit\jupiter\junit-jupiter-api\5.5.2\junit-jupiter-api-5.5.2.jar;C:\Software\Maven\repository\org\opentest4j\opentest4j\1.2.0\opentest4j-1.2.0.jar;C:\Software\Maven\repository\org\junit\platform\junit-platform-commons\1.5.2\junit-platform-commons-1.5.2.jar;C:\Software\Maven\repository\org\junit\jupiter\junit-jupiter-params\5.5.2\junit-jupiter-params-5.5.2.jar;C:\Software\Maven\repository\org\junit\jupiter\junit-jupiter-engine\5.5.2\junit-jupiter-engine-5.5.2.jar;C:\Software\Maven\repository\org\junit\vintage\junit-vintage-engine\5.5.2\junit-vintage-engine-5.5.2.jar;C:\Software\Maven\repository\org\apiguardian\apiguardian-api\1.1.0\apiguardian-api-1.1.0.jar;C:\Software\Maven\repository\org\junit\platform\junit-platform-engine\1.5.2\junit-platform-engine-1.5.2.jar;C:\Software\Maven\repository\junit\junit\4.12\junit-4.12.jar;C:\Software\Maven\repository\org\mockito\mockito-junit-jupiter\3.1.0\mockito-junit-jupiter-3.1.0.jar;C:\Software\Maven\repository\org\assertj\assertj-core\3.13.2\assertj-core-3.13.2.jar;C:\Software\Maven\repository\org\hamcrest\hamcrest\2.1\hamcrest-2.1.jar;C:\Software\Maven\repository\org\mockito\mockito-core\3.1.0\mockito-core-3.1.0.jar;C:\Software\Maven\repository\net\bytebuddy\byte-buddy\1.10.1\byte-buddy-1.10.1.jar;C:\Software\Maven\repository\net\bytebuddy\byte-buddy-agent\1.10.1\byte-buddy-agent-1.10.1.jar;C:\Software\Maven\repository\org\objenesis\objenesis\2.6\objenesis-2.6.jar;C:\Software\Maven\repository\org\skyscreamer\jsonassert\1.5.0\jsonassert-1.5.0.jar;C:\Software\Maven\repository\com\vaadin\external\google\android-json\0.0.20131108.vaadin1\android-json-0.0.20131108.vaadin1.jar;C:\Software\Maven\repository\org\springframework\spring-core\5.2.0.RELEASE\spring-core-5.2.0.RELEASE.jar;C:\Software\Maven\repository\org\springframework\spring-jcl\5.2.0.RELEASE\spring-jcl-5.2.0.RELEASE.jar;C:\Software\Maven\repository\org\springframework\spring-test\5.2.0.RELEASE\spring-test-5.2.0.RELEASE.jar;C:\Software\Maven\repository\org\xmlunit\xmlunit-core\2.6.3\xmlunit-core-2.6.3.jar;C:\Software\Maven\repository\org\projectlombok\lombok\1.18.10\lombok-1.18.10.jar;C:\Software\Maven\repository\org\springframework\boot\spring-boot-starter-thymeleaf\2.2.0.RELEASE\spring-boot-starter-thymeleaf-2.2.0.RELEASE.jar;C:\Software\Maven\repository\org\thymeleaf\thymeleaf-spring5\3.0.11.RELEASE\thymeleaf-spring5-3.0.11.RELEASE.jar;C:\Software\Maven\repository\org\thymeleaf\thymeleaf\3.0.11.RELEASE\thymeleaf-3.0.11.RELEASE.jar;C:\Software\Maven\repository\org\attoparser\attoparser\2.0.5.RELEASE\attoparser-2.0.5.RELEASE.jar;C:\Software\Maven\repository\org\unbescape\unbescape\1.1.6.RELEASE\unbescape-1.1.6.RELEASE.jar;C:\Software\Maven\repository\org\thymeleaf\extras\thymeleaf-extras-java8time\3.0.4.RELEASE\thymeleaf-extras-java8time-3.0.4.RELEASE.jar;C:\Software\Maven\repository\org\mybatis\spring\boot\mybatis-spring-boot-starter\2.1.1\mybatis-spring-boot-starter-2.1.1.jar;C:\Software\Maven\repository\org\springframework\boot\spring-boot-starter-jdbc\2.2.0.RELEASE\spring-boot-starter-jdbc-2.2.0.RELEASE.jar;C:\Software\Maven\repository\com\zaxxer\HikariCP\3.4.1\HikariCP-3.4.1.jar;C:\Software\Maven\repository\org\springframework\spring-jdbc\5.2.0.RELEASE\spring-jdbc-5.2.0.RELEASE.jar;C:\Software\Maven\repository\org\mybatis\spring\boot\mybatis-spring-boot-autoconfigure\2.1.1\mybatis-spring-boot-autoconfigure-2.1.1.jar;C:\Software\Maven\repository\org\mybatis\mybatis\3.5.3\mybatis-3.5.3.jar;C:\Software\Maven\repository\org\mybatis\mybatis-spring\2.0.3\mybatis-spring-2.0.3.jar;C:\Software\Maven\repository\com\alibaba\druid\1.1.20\druid-1.1.20.jar;C:\Software\Maven\repository\mysql\mysql-connector-java\5.1.6\mysql-connector-java-5.1.6.jar;C:\Software\Maven\repository\com\github\pagehelper\pagehelper\5.1.10\pagehelper-5.1.10.jar;C:\Software\Maven\repository\com\github\jsqlparser\jsqlparser\2.0\jsqlparser-2.0.jar;C:\Software\Maven\repository\com\github\pagehelper\pagehelper-spring-boot-starter\1.2.12\pagehelper-spring-boot-starter-1.2.12.jar;C:\Software\Maven\repository\com\github\pagehelper\pagehelper-spring-boot-autoconfigure\1.2.12\pagehelper-spring-boot-autoconfigure-1.2.12.jar;C:\Software\Maven\repository\org\springframework\boot\spring-boot-autoconfigure\2.2.0.RELEASE\spring-boot-autoconfigure-2.2.0.RELEASE.jar;C:\Software\Maven\repository\com\alibaba\fastjson\1.2.9\fastjson-1.2.9.jar;C:\Software\Maven\repository\org\apache\httpcomponents\httpclient\4.5.10\httpclient-4.5.10.jar;C:\Software\Maven\repository\org\apache\httpcomponents\httpcore\4.4.12\httpcore-4.4.12.jar;C:\Software\Maven\repository\org\apache\commons\commons-lang3\3.9\commons-lang3-3.9.jar;C:\Software\Maven\repository\commons-beanutils\commons-beanutils\1.9.4\commons-beanutils-1.9.4.jar;C:\Software\Maven\repository\commons-logging\commons-logging\1.2\commons-logging-1.2.jar;C:\Software\Maven\repository\commons-collections\commons-collections\3.2.2\commons-collections-3.2.2.jar;C:\Software\Maven\repository\commons-codec\commons-codec\1.13\commons-codec-1.13.jar;C:\Software\Maven\repository\com\alibaba\spring\boot\dubbo-spring-boot-starter\2.0.0\dubbo-spring-boot-starter-2.0.0.jar;C:\Software\Maven\repository\com\alibaba\dubbo\2.6.0\dubbo-2.6.0.jar;C:\Software\Maven\repository\org\javassist\javassist\3.20.0-GA\javassist-3.20.0-GA.jar;C:\Software\Maven\repository\org\jboss\netty\netty\3.2.5.Final\netty-3.2.5.Final.jar;C:\Software\Maven\repository\org\springframework\boot\spring-boot-starter-actuator\2.2.0.RELEASE\spring-boot-starter-actuator-2.2.0.RELEASE.jar;C:\Software\Maven\repository\org\springframework\boot\spring-boot-actuator-autoconfigure\2.2.0.RELEASE\spring-boot-actuator-autoconfigure-2.2.0.RELEASE.jar;C:\Software\Maven\repository\org\springframework\boot\spring-boot-actuator\2.2.0.RELEASE\spring-boot-actuator-2.2.0.RELEASE.jar;C:\Software\Maven\repository\io\micrometer\micrometer-core\1.3.0\micrometer-core-1.3.0.jar;C:\Software\Maven\repository\org\hdrhistogram\HdrHistogram\2.1.11\HdrHistogram-2.1.11.jar;C:\Software\Maven\repository\org\latencyutils\LatencyUtils\2.0.3\LatencyUtils-2.0.3.jar;C:\Software\Maven\repository\com\101tec\zkclient\0.10\zkclient-0.10.jar;C:\Software\Maven\repository\org\slf4j\slf4j-api\1.7.28\slf4j-api-1.7.28.jar;C:\Software\Maven\repository\org\apache\zookeeper\zookeeper\3.4.8\zookeeper-3.4.8.jar;C:\Software\Maven\repository\jline\jline\0.9.94\jline-0.9.94.jar;C:\Software\Maven\repository\io\netty\netty\3.7.0.Final\netty-3.7.0.Final.jar;C:\Software\Maven\repository\tk\mybatis\mapper-spring-boot-starter\2.1.5\mapper-spring-boot-starter-2.1.5.jar;C:\Software\Maven\repository\tk\mybatis\mapper-core\1.1.5\mapper-core-1.1.5.jar;C:\Software\Maven\repository\javax\persistence\persistence-api\1.0\persistence-api-1.0.jar;C:\Software\Maven\repository\tk\mybatis\mapper-base\1.1.5\mapper-base-1.1.5.jar;C:\Software\Maven\repository\tk\mybatis\mapper-weekend\1.1.5\mapper-weekend-1.1.5.jar;C:\Software\Maven\repository\tk\mybatis\mapper-spring\1.1.5\mapper-spring-1.1.5.jar;C:\Software\Maven\repository\tk\mybatis\mapper-extra\1.1.5\mapper-extra-1.1.5.jar;C:\Software\Maven\repository\tk\mybatis\mapper-spring-boot-autoconfigure\2.1.5\mapper-spring-boot-autoconfigure-2.1.5.jar;C:\Software\Maven\repository\cn\bestwu\fastdfs-client-java\1.27\fastdfs-client-java-1.27.jar;"/>
    <property name="java.vm.vendor" value="Oracle Corporation"/>
    <property name="sun.arch.data.model" value="64"/>
    <property name="user.variant" value=""/>
    <property name="java.vendor.url" value="http://java.oracle.com/"/>
    <property name="user.timezone" value="Asia/Shanghai"/>
    <property name="java.vm.specification.version" value="1.8"/>
    <property name="os.name" value="Windows 10"/>
    <property name="user.country" value="CN"/>
    <property name="sun.java.launcher" value="SUN_STANDARD"/>
    <property name="sun.boot.library.path" value="C:\Program Files\Java\jdk1.8.0_231\jre\bin"/>
    <property name="sun.java.command" value="C:\Users\97938\AppData\Local\Temp\surefire8757104096830420221\surefirebooter977649281604813871.jar C:\Users\97938\AppData\Local\Temp\surefire8757104096830420221 2020-01-13T16-37-31_468-jvmRun1 surefire6624846020801793330tmp surefire_08510252699227737390tmp"/>
    <property name="surefire.test.class.path" value="C:\Software\Java EE workspace\mall-test\mall-elasticsearch\target\test-classes;C:\Software\Java EE workspace\mall-test\mall-elasticsearch\target\classes;C:\Software\Maven\repository\org\springframework\boot\spring-boot-starter-data-elasticsearch\2.2.0.RELEASE\spring-boot-starter-data-elasticsearch-2.2.0.RELEASE.jar;C:\Software\Maven\repository\org\springframework\boot\spring-boot-starter\2.2.0.RELEASE\spring-boot-starter-2.2.0.RELEASE.jar;C:\Software\Maven\repository\org\springframework\boot\spring-boot\2.2.0.RELEASE\spring-boot-2.2.0.RELEASE.jar;C:\Software\Maven\repository\org\springframework\boot\spring-boot-starter-logging\2.2.0.RELEASE\spring-boot-starter-logging-2.2.0.RELEASE.jar;C:\Software\Maven\repository\ch\qos\logback\logback-classic\1.2.3\logback-classic-1.2.3.jar;C:\Software\Maven\repository\ch\qos\logback\logback-core\1.2.3\logback-core-1.2.3.jar;C:\Software\Maven\repository\org\apache\logging\log4j\log4j-to-slf4j\2.12.1\log4j-to-slf4j-2.12.1.jar;C:\Software\Maven\repository\org\apache\logging\log4j\log4j-api\2.12.1\log4j-api-2.12.1.jar;C:\Software\Maven\repository\org\slf4j\jul-to-slf4j\1.7.28\jul-to-slf4j-1.7.28.jar;C:\Software\Maven\repository\jakarta\annotation\jakarta.annotation-api\1.3.5\jakarta.annotation-api-1.3.5.jar;C:\Software\Maven\repository\org\yaml\snakeyaml\1.25\snakeyaml-1.25.jar;C:\Software\Maven\repository\org\springframework\data\spring-data-elasticsearch\3.2.0.RELEASE\spring-data-elasticsearch-3.2.0.RELEASE.jar;C:\Software\Maven\repository\org\springframework\spring-context\5.2.0.RELEASE\spring-context-5.2.0.RELEASE.jar;C:\Software\Maven\repository\org\springframework\spring-tx\5.2.0.RELEASE\spring-tx-5.2.0.RELEASE.jar;C:\Software\Maven\repository\org\springframework\data\spring-data-commons\2.2.0.RELEASE\spring-data-commons-2.2.0.RELEASE.jar;C:\Software\Maven\repository\joda-time\joda-time\2.10.4\joda-time-2.10.4.jar;C:\Software\Maven\repository\org\elasticsearch\client\transport\6.8.3\transport-6.8.3.jar;C:\Software\Maven\repository\org\elasticsearch\elasticsearch\6.8.3\elasticsearch-6.8.3.jar;C:\Software\Maven\repository\org\elasticsearch\elasticsearch-core\6.8.3\elasticsearch-core-6.8.3.jar;C:\Software\Maven\repository\org\elasticsearch\elasticsearch-secure-sm\6.8.3\elasticsearch-secure-sm-6.8.3.jar;C:\Software\Maven\repository\org\elasticsearch\elasticsearch-x-content\6.8.3\elasticsearch-x-content-6.8.3.jar;C:\Software\Maven\repository\com\fasterxml\jackson\dataformat\jackson-dataformat-smile\2.10.0\jackson-dataformat-smile-2.10.0.jar;C:\Software\Maven\repository\com\fasterxml\jackson\dataformat\jackson-dataformat-yaml\2.10.0\jackson-dataformat-yaml-2.10.0.jar;C:\Software\Maven\repository\com\fasterxml\jackson\dataformat\jackson-dataformat-cbor\2.10.0\jackson-dataformat-cbor-2.10.0.jar;C:\Software\Maven\repository\org\apache\lucene\lucene-core\7.7.0\lucene-core-7.7.0.jar;C:\Software\Maven\repository\org\apache\lucene\lucene-analyzers-common\7.7.0\lucene-analyzers-common-7.7.0.jar;C:\Software\Maven\repository\org\apache\lucene\lucene-backward-codecs\7.7.0\lucene-backward-codecs-7.7.0.jar;C:\Software\Maven\repository\org\apache\lucene\lucene-grouping\7.7.0\lucene-grouping-7.7.0.jar;C:\Software\Maven\repository\org\apache\lucene\lucene-highlighter\7.7.0\lucene-highlighter-7.7.0.jar;C:\Software\Maven\repository\org\apache\lucene\lucene-join\7.7.0\lucene-join-7.7.0.jar;C:\Software\Maven\repository\org\apache\lucene\lucene-memory\7.7.0\lucene-memory-7.7.0.jar;C:\Software\Maven\repository\org\apache\lucene\lucene-misc\7.7.0\lucene-misc-7.7.0.jar;C:\Software\Maven\repository\org\apache\lucene\lucene-queries\7.7.0\lucene-queries-7.7.0.jar;C:\Software\Maven\repository\org\apache\lucene\lucene-queryparser\7.7.0\lucene-queryparser-7.7.0.jar;C:\Software\Maven\repository\org\apache\lucene\lucene-sandbox\7.7.0\lucene-sandbox-7.7.0.jar;C:\Software\Maven\repository\org\apache\lucene\lucene-spatial\7.7.0\lucene-spatial-7.7.0.jar;C:\Software\Maven\repository\org\apache\lucene\lucene-spatial-extras\7.7.0\lucene-spatial-extras-7.7.0.jar;C:\Software\Maven\repository\org\apache\lucene\lucene-spatial3d\7.7.0\lucene-spatial3d-7.7.0.jar;C:\Software\Maven\repository\org\apache\lucene\lucene-suggest\7.7.0\lucene-suggest-7.7.0.jar;C:\Software\Maven\repository\org\elasticsearch\elasticsearch-cli\6.8.3\elasticsearch-cli-6.8.3.jar;C:\Software\Maven\repository\net\sf\jopt-simple\jopt-simple\5.0.2\jopt-simple-5.0.2.jar;C:\Software\Maven\repository\com\carrotsearch\hppc\0.7.1\hppc-0.7.1.jar;C:\Software\Maven\repository\com\tdunning\t-digest\3.2\t-digest-3.2.jar;C:\Software\Maven\repository\org\elasticsearch\jna\4.5.1\jna-4.5.1.jar;C:\Software\Maven\repository\org\elasticsearch\plugin\reindex-client\6.8.3\reindex-client-6.8.3.jar;C:\Software\Maven\repository\org\elasticsearch\elasticsearch-ssl-config\6.8.3\elasticsearch-ssl-config-6.8.3.jar;C:\Software\Maven\repository\org\elasticsearch\plugin\lang-mustache-client\6.8.3\lang-mustache-client-6.8.3.jar;C:\Software\Maven\repository\com\github\spullara\mustache\java\compiler\0.9.3\compiler-0.9.3.jar;C:\Software\Maven\repository\org\elasticsearch\plugin\percolator-client\6.8.3\percolator-client-6.8.3.jar;C:\Software\Maven\repository\org\elasticsearch\plugin\parent-join-client\6.8.3\parent-join-client-6.8.3.jar;C:\Software\Maven\repository\org\elasticsearch\plugin\rank-eval-client\6.8.3\rank-eval-client-6.8.3.jar;C:\Software\Maven\repository\org\elasticsearch\plugin\transport-netty4-client\6.8.3\transport-netty4-client-6.8.3.jar;C:\Software\Maven\repository\io\netty\netty-buffer\4.1.42.Final\netty-buffer-4.1.42.Final.jar;C:\Software\Maven\repository\io\netty\netty-codec\4.1.42.Final\netty-codec-4.1.42.Final.jar;C:\Software\Maven\repository\io\netty\netty-codec-http\4.1.42.Final\netty-codec-http-4.1.42.Final.jar;C:\Software\Maven\repository\io\netty\netty-common\4.1.42.Final\netty-common-4.1.42.Final.jar;C:\Software\Maven\repository\io\netty\netty-handler\4.1.42.Final\netty-handler-4.1.42.Final.jar;C:\Software\Maven\repository\io\netty\netty-resolver\4.1.42.Final\netty-resolver-4.1.42.Final.jar;C:\Software\Maven\repository\io\netty\netty-transport\4.1.42.Final\netty-transport-4.1.42.Final.jar;C:\Software\Maven\repository\org\elasticsearch\client\elasticsearch-rest-high-level-client\6.8.3\elasticsearch-rest-high-level-client-6.8.3.jar;C:\Software\Maven\repository\org\elasticsearch\client\elasticsearch-rest-client\6.8.3\elasticsearch-rest-client-6.8.3.jar;C:\Software\Maven\repository\org\apache\httpcomponents\httpasyncclient\4.1.4\httpasyncclient-4.1.4.jar;C:\Software\Maven\repository\org\apache\httpcomponents\httpcore-nio\4.4.12\httpcore-nio-4.4.12.jar;C:\Software\Maven\repository\org\elasticsearch\plugin\aggs-matrix-stats-client\6.8.3\aggs-matrix-stats-client-6.8.3.jar;C:\Software\Maven\repository\com\fasterxml\jackson\core\jackson-core\2.10.0\jackson-core-2.10.0.jar;C:\Software\Maven\repository\com\fasterxml\jackson\core\jackson-databind\2.10.0\jackson-databind-2.10.0.jar;C:\Software\Maven\repository\com\fasterxml\jackson\core\jackson-annotations\2.10.0\jackson-annotations-2.10.0.jar;C:\Software\Maven\repository\org\springframework\boot\spring-boot-starter-web\2.2.0.RELEASE\spring-boot-starter-web-2.2.0.RELEASE.jar;C:\Software\Maven\repository\org\springframework\boot\spring-boot-starter-json\2.2.0.RELEASE\spring-boot-starter-json-2.2.0.RELEASE.jar;C:\Software\Maven\repository\com\fasterxml\jackson\datatype\jackson-datatype-jdk8\2.10.0\jackson-datatype-jdk8-2.10.0.jar;C:\Software\Maven\repository\com\fasterxml\jackson\datatype\jackson-datatype-jsr310\2.10.0\jackson-datatype-jsr310-2.10.0.jar;C:\Software\Maven\repository\com\fasterxml\jackson\module\jackson-module-parameter-names\2.10.0\jackson-module-parameter-names-2.10.0.jar;C:\Software\Maven\repository\org\springframework\boot\spring-boot-starter-tomcat\2.2.0.RELEASE\spring-boot-starter-tomcat-2.2.0.RELEASE.jar;C:\Software\Maven\repository\org\apache\tomcat\embed\tomcat-embed-core\9.0.27\tomcat-embed-core-9.0.27.jar;C:\Software\Maven\repository\org\apache\tomcat\embed\tomcat-embed-el\9.0.27\tomcat-embed-el-9.0.27.jar;C:\Software\Maven\repository\org\apache\tomcat\embed\tomcat-embed-websocket\9.0.27\tomcat-embed-websocket-9.0.27.jar;C:\Software\Maven\repository\org\springframework\boot\spring-boot-starter-validation\2.2.0.RELEASE\spring-boot-starter-validation-2.2.0.RELEASE.jar;C:\Software\Maven\repository\jakarta\validation\jakarta.validation-api\2.0.1\jakarta.validation-api-2.0.1.jar;C:\Software\Maven\repository\org\hibernate\validator\hibernate-validator\6.0.17.Final\hibernate-validator-6.0.17.Final.jar;C:\Software\Maven\repository\org\jboss\logging\jboss-logging\3.4.1.Final\jboss-logging-3.4.1.Final.jar;C:\Software\Maven\repository\com\fasterxml\classmate\1.5.0\classmate-1.5.0.jar;C:\Software\Maven\repository\org\springframework\spring-web\5.2.0.RELEASE\spring-web-5.2.0.RELEASE.jar;C:\Software\Maven\repository\org\springframework\spring-beans\5.2.0.RELEASE\spring-beans-5.2.0.RELEASE.jar;C:\Software\Maven\repository\org\springframework\spring-webmvc\5.2.0.RELEASE\spring-webmvc-5.2.0.RELEASE.jar;C:\Software\Maven\repository\org\springframework\spring-aop\5.2.0.RELEASE\spring-aop-5.2.0.RELEASE.jar;C:\Software\Maven\repository\org\springframework\spring-expression\5.2.0.RELEASE\spring-expression-5.2.0.RELEASE.jar;C:\Software\Maven\repository\org\springframework\boot\spring-boot-starter-test\2.2.0.RELEASE\spring-boot-starter-test-2.2.0.RELEASE.jar;C:\Software\Maven\repository\org\springframework\boot\spring-boot-test\2.2.0.RELEASE\spring-boot-test-2.2.0.RELEASE.jar;C:\Software\Maven\repository\org\springframework\boot\spring-boot-test-autoconfigure\2.2.0.RELEASE\spring-boot-test-autoconfigure-2.2.0.RELEASE.jar;C:\Software\Maven\repository\com\jayway\jsonpath\json-path\2.4.0\json-path-2.4.0.jar;C:\Software\Maven\repository\net\minidev\json-smart\2.3\json-smart-2.3.jar;C:\Software\Maven\repository\net\minidev\accessors-smart\1.2\accessors-smart-1.2.jar;C:\Software\Maven\repository\org\ow2\asm\asm\5.0.4\asm-5.0.4.jar;C:\Software\Maven\repository\jakarta\xml\bind\jakarta.xml.bind-api\2.3.2\jakarta.xml.bind-api-2.3.2.jar;C:\Software\Maven\repository\jakarta\activation\jakarta.activation-api\1.2.1\jakarta.activation-api-1.2.1.jar;C:\Software\Maven\repository\org\junit\jupiter\junit-jupiter\5.5.2\junit-jupiter-5.5.2.jar;C:\Software\Maven\repository\org\junit\jupiter\junit-jupiter-api\5.5.2\junit-jupiter-api-5.5.2.jar;C:\Software\Maven\repository\org\opentest4j\opentest4j\1.2.0\opentest4j-1.2.0.jar;C:\Software\Maven\repository\org\junit\platform\junit-platform-commons\1.5.2\junit-platform-commons-1.5.2.jar;C:\Software\Maven\repository\org\junit\jupiter\junit-jupiter-params\5.5.2\junit-jupiter-params-5.5.2.jar;C:\Software\Maven\repository\org\junit\jupiter\junit-jupiter-engine\5.5.2\junit-jupiter-engine-5.5.2.jar;C:\Software\Maven\repository\org\junit\vintage\junit-vintage-engine\5.5.2\junit-vintage-engine-5.5.2.jar;C:\Software\Maven\repository\org\apiguardian\apiguardian-api\1.1.0\apiguardian-api-1.1.0.jar;C:\Software\Maven\repository\org\junit\platform\junit-platform-engine\1.5.2\junit-platform-engine-1.5.2.jar;C:\Software\Maven\repository\junit\junit\4.12\junit-4.12.jar;C:\Software\Maven\repository\org\mockito\mockito-junit-jupiter\3.1.0\mockito-junit-jupiter-3.1.0.jar;C:\Software\Maven\repository\org\assertj\assertj-core\3.13.2\assertj-core-3.13.2.jar;C:\Software\Maven\repository\org\hamcrest\hamcrest\2.1\hamcrest-2.1.jar;C:\Software\Maven\repository\org\mockito\mockito-core\3.1.0\mockito-core-3.1.0.jar;C:\Software\Maven\repository\net\bytebuddy\byte-buddy\1.10.1\byte-buddy-1.10.1.jar;C:\Software\Maven\repository\net\bytebuddy\byte-buddy-agent\1.10.1\byte-buddy-agent-1.10.1.jar;C:\Software\Maven\repository\org\objenesis\objenesis\2.6\objenesis-2.6.jar;C:\Software\Maven\repository\org\skyscreamer\jsonassert\1.5.0\jsonassert-1.5.0.jar;C:\Software\Maven\repository\com\vaadin\external\google\android-json\0.0.20131108.vaadin1\android-json-0.0.20131108.vaadin1.jar;C:\Software\Maven\repository\org\springframework\spring-core\5.2.0.RELEASE\spring-core-5.2.0.RELEASE.jar;C:\Software\Maven\repository\org\springframework\spring-jcl\5.2.0.RELEASE\spring-jcl-5.2.0.RELEASE.jar;C:\Software\Maven\repository\org\springframework\spring-test\5.2.0.RELEASE\spring-test-5.2.0.RELEASE.jar;C:\Software\Maven\repository\org\xmlunit\xmlunit-core\2.6.3\xmlunit-core-2.6.3.jar;C:\Software\Maven\repository\org\projectlombok\lombok\1.18.10\lombok-1.18.10.jar;C:\Software\Maven\repository\org\springframework\boot\spring-boot-starter-thymeleaf\2.2.0.RELEASE\spring-boot-starter-thymeleaf-2.2.0.RELEASE.jar;C:\Software\Maven\repository\org\thymeleaf\thymeleaf-spring5\3.0.11.RELEASE\thymeleaf-spring5-3.0.11.RELEASE.jar;C:\Software\Maven\repository\org\thymeleaf\thymeleaf\3.0.11.RELEASE\thymeleaf-3.0.11.RELEASE.jar;C:\Software\Maven\repository\org\attoparser\attoparser\2.0.5.RELEASE\attoparser-2.0.5.RELEASE.jar;C:\Software\Maven\repository\org\unbescape\unbescape\1.1.6.RELEASE\unbescape-1.1.6.RELEASE.jar;C:\Software\Maven\repository\org\thymeleaf\extras\thymeleaf-extras-java8time\3.0.4.RELEASE\thymeleaf-extras-java8time-3.0.4.RELEASE.jar;C:\Software\Maven\repository\org\mybatis\spring\boot\mybatis-spring-boot-starter\2.1.1\mybatis-spring-boot-starter-2.1.1.jar;C:\Software\Maven\repository\org\springframework\boot\spring-boot-starter-jdbc\2.2.0.RELEASE\spring-boot-starter-jdbc-2.2.0.RELEASE.jar;C:\Software\Maven\repository\com\zaxxer\HikariCP\3.4.1\HikariCP-3.4.1.jar;C:\Software\Maven\repository\org\springframework\spring-jdbc\5.2.0.RELEASE\spring-jdbc-5.2.0.RELEASE.jar;C:\Software\Maven\repository\org\mybatis\spring\boot\mybatis-spring-boot-autoconfigure\2.1.1\mybatis-spring-boot-autoconfigure-2.1.1.jar;C:\Software\Maven\repository\org\mybatis\mybatis\3.5.3\mybatis-3.5.3.jar;C:\Software\Maven\repository\org\mybatis\mybatis-spring\2.0.3\mybatis-spring-2.0.3.jar;C:\Software\Maven\repository\com\alibaba\druid\1.1.20\druid-1.1.20.jar;C:\Software\Maven\repository\mysql\mysql-connector-java\5.1.6\mysql-connector-java-5.1.6.jar;C:\Software\Maven\repository\com\github\pagehelper\pagehelper\5.1.10\pagehelper-5.1.10.jar;C:\Software\Maven\repository\com\github\jsqlparser\jsqlparser\2.0\jsqlparser-2.0.jar;C:\Software\Maven\repository\com\github\pagehelper\pagehelper-spring-boot-starter\1.2.12\pagehelper-spring-boot-starter-1.2.12.jar;C:\Software\Maven\repository\com\github\pagehelper\pagehelper-spring-boot-autoconfigure\1.2.12\pagehelper-spring-boot-autoconfigure-1.2.12.jar;C:\Software\Maven\repository\org\springframework\boot\spring-boot-autoconfigure\2.2.0.RELEASE\spring-boot-autoconfigure-2.2.0.RELEASE.jar;C:\Software\Maven\repository\com\alibaba\fastjson\1.2.9\fastjson-1.2.9.jar;C:\Software\Maven\repository\org\apache\httpcomponents\httpclient\4.5.10\httpclient-4.5.10.jar;C:\Software\Maven\repository\org\apache\httpcomponents\httpcore\4.4.12\httpcore-4.4.12.jar;C:\Software\Maven\repository\org\apache\commons\commons-lang3\3.9\commons-lang3-3.9.jar;C:\Software\Maven\repository\commons-beanutils\commons-beanutils\1.9.4\commons-beanutils-1.9.4.jar;C:\Software\Maven\repository\commons-logging\commons-logging\1.2\commons-logging-1.2.jar;C:\Software\Maven\repository\commons-collections\commons-collections\3.2.2\commons-collections-3.2.2.jar;C:\Software\Maven\repository\commons-codec\commons-codec\1.13\commons-codec-1.13.jar;C:\Software\Maven\repository\com\alibaba\spring\boot\dubbo-spring-boot-starter\2.0.0\dubbo-spring-boot-starter-2.0.0.jar;C:\Software\Maven\repository\com\alibaba\dubbo\2.6.0\dubbo-2.6.0.jar;C:\Software\Maven\repository\org\javassist\javassist\3.20.0-GA\javassist-3.20.0-GA.jar;C:\Software\Maven\repository\org\jboss\netty\netty\3.2.5.Final\netty-3.2.5.Final.jar;C:\Software\Maven\repository\org\springframework\boot\spring-boot-starter-actuator\2.2.0.RELEASE\spring-boot-starter-actuator-2.2.0.RELEASE.jar;C:\Software\Maven\repository\org\springframework\boot\spring-boot-actuator-autoconfigure\2.2.0.RELEASE\spring-boot-actuator-autoconfigure-2.2.0.RELEASE.jar;C:\Software\Maven\repository\org\springframework\boot\spring-boot-actuator\2.2.0.RELEASE\spring-boot-actuator-2.2.0.RELEASE.jar;C:\Software\Maven\repository\io\micrometer\micrometer-core\1.3.0\micrometer-core-1.3.0.jar;C:\Software\Maven\repository\org\hdrhistogram\HdrHistogram\2.1.11\HdrHistogram-2.1.11.jar;C:\Software\Maven\repository\org\latencyutils\LatencyUtils\2.0.3\LatencyUtils-2.0.3.jar;C:\Software\Maven\repository\com\101tec\zkclient\0.10\zkclient-0.10.jar;C:\Software\Maven\repository\org\slf4j\slf4j-api\1.7.28\slf4j-api-1.7.28.jar;C:\Software\Maven\repository\org\apache\zookeeper\zookeeper\3.4.8\zookeeper-3.4.8.jar;C:\Software\Maven\repository\jline\jline\0.9.94\jline-0.9.94.jar;C:\Software\Maven\repository\io\netty\netty\3.7.0.Final\netty-3.7.0.Final.jar;C:\Software\Maven\repository\tk\mybatis\mapper-spring-boot-starter\2.1.5\mapper-spring-boot-starter-2.1.5.jar;C:\Software\Maven\repository\tk\mybatis\mapper-core\1.1.5\mapper-core-1.1.5.jar;C:\Software\Maven\repository\javax\persistence\persistence-api\1.0\persistence-api-1.0.jar;C:\Software\Maven\repository\tk\mybatis\mapper-base\1.1.5\mapper-base-1.1.5.jar;C:\Software\Maven\repository\tk\mybatis\mapper-weekend\1.1.5\mapper-weekend-1.1.5.jar;C:\Software\Maven\repository\tk\mybatis\mapper-spring\1.1.5\mapper-spring-1.1.5.jar;C:\Software\Maven\repository\tk\mybatis\mapper-extra\1.1.5\mapper-extra-1.1.5.jar;C:\Software\Maven\repository\tk\mybatis\mapper-spring-boot-autoconfigure\2.1.5\mapper-spring-boot-autoconfigure-2.1.5.jar;C:\Software\Maven\repository\cn\bestwu\fastdfs-client-java\1.27\fastdfs-client-java-1.27.jar;"/>
    <property name="sun.cpu.endian" value="little"/>
    <property name="user.home" value="C:\Users\97938"/>
    <property name="user.language" value="zh"/>
    <property name="java.specification.vendor" value="Oracle Corporation"/>
    <property name="java.home" value="C:\Program Files\Java\jdk1.8.0_231\jre"/>
    <property name="basedir" value="C:\Software\Java EE workspace\mall-test\mall-elasticsearch"/>
    <property name="file.separator" value="\"/>
    <property name="line.separator" value="&#10;"/>
    <property name="java.vm.specification.vendor" value="Oracle Corporation"/>
    <property name="java.specification.name" value="Java Platform API Specification"/>
    <property name="java.awt.graphicsenv" value="sun.awt.Win32GraphicsEnvironment"/>
    <property name="surefire.real.class.path" value="C:\Users\97938\AppData\Local\Temp\surefire8757104096830420221\surefirebooter977649281604813871.jar"/>
    <property name="sun.boot.class.path" value="C:\Program Files\Java\jdk1.8.0_231\jre\lib\resources.jar;C:\Program Files\Java\jdk1.8.0_231\jre\lib\rt.jar;C:\Program Files\Java\jdk1.8.0_231\jre\lib\sunrsasign.jar;C:\Program Files\Java\jdk1.8.0_231\jre\lib\jsse.jar;C:\Program Files\Java\jdk1.8.0_231\jre\lib\jce.jar;C:\Program Files\Java\jdk1.8.0_231\jre\lib\charsets.jar;C:\Program Files\Java\jdk1.8.0_231\jre\lib\jfr.jar;C:\Program Files\Java\jdk1.8.0_231\jre\classes"/>
    <property name="user.script" value=""/>
    <property name="sun.management.compiler" value="HotSpot 64-Bit Tiered Compilers"/>
    <property name="java.runtime.version" value="1.8.0_231-b11"/>
    <property name="user.name" value="97938"/>
    <property name="path.separator" value=";"/>
    <property name="os.version" value="10.0"/>
    <property name="java.endorsed.dirs" value="C:\Program Files\Java\jdk1.8.0_231\jre\lib\endorsed"/>
    <property name="java.runtime.name" value="Java(TM) SE Runtime Environment"/>
    <property name="file.encoding" value="GBK"/>
    <property name="java.vm.name" value="Java HotSpot(TM) 64-Bit Server VM"/>
    <property name="localRepository" value="C:\Software\Maven\repository"/>
    <property name="java.vendor.url.bug" value="http://bugreport.sun.com/bugreport/"/>
    <property name="java.io.tmpdir" value="C:\Users\97938\AppData\Local\Temp\"/>
    <property name="java.version" value="1.8.0_231"/>
    <property name="user.dir" value="C:\Software\Java EE workspace\mall-test\mall-elasticsearch"/>
    <property name="os.arch" value="amd64"/>
    <property name="java.vm.specification.name" value="Java Virtual Machine Specification"/>
    <property name="java.awt.printerjob" value="sun.awt.windows.WPrinterJob"/>
    <property name="sun.os.patch.level" value=""/>
    <property name="idea.version2019.2" value="true"/>
    <property name="java.library.path" value="C:\Program Files\Java\jdk1.8.0_231\jre\bin;C:\WINDOWS\Sun\Java\bin;C:\WINDOWS\system32;C:\WINDOWS;C:\Software\Java web\IntelliJ IDEA\IntelliJ IDEA 2019.2\jbr\\bin;C:\Software\Java web\IntelliJ IDEA\IntelliJ IDEA 2019.2\jbr\\bin\server;C:\Windows\system32;C:\Windows;C:\Windows\System32\Wbem;C:\Windows\System32\WindowsPowerShell\v1.0\;C:\Windows\System32\OpenSSH\;C:\Program Files (x86)\NVIDIA Corporation\PhysX\Common;C:\Software\Java\java 1.8\bin;C:\Software\Java\java 1.8\jre\bin;C:\WINDOWS\system32;C:\WINDOWS;C:\WINDOWS\System32\Wbem;C:\WINDOWS\System32\WindowsPowerShell\v1.0\;C:\WINDOWS\System32\OpenSSH\;C:\Software\Git\cmd;C:\Software\MySQL\mysql-8.0.17-winx64\bin;C:\Software\MySQL\mysql-5.7.27-winx64\bin;C:\Program Files\Microsoft SQL Server\130\Tools\Binn\;C:\Software\Java web\apache-tomcat-9.0.27-windows-x64\apache-tomcat-9.0.27\bin;C:\Program Files\dotnet\;C:\Software\Node.js\;C:\Software\Maven\apache-maven-3.6.1\bin;C:\Software\Go\bin;C:\Software\Mingw64\mingw64\bin;C:\Software\Node.js\node_global;C:\Software\Python\Scripts\;C:\Software\Python\;C:\Users\97938\AppData\Local\Microsoft\WindowsApps;C:\Users\97938\AppData\Local\GitHubDesktop\bin;C:\Users\97938\AppData\Local\Microsoft\WindowsApps;C:\Software\PyCharm 2019.2.2\bin;;C:\Software\Java web\IntelliJ IDEA\IntelliJ IDEA 2019.2\bin;;C:\Users\97938\AppData\Roaming\npm;C:\Users\97938\go\bin;C:\Software\GoLand 2019.3\bin;;C:\Software\OpenCV\opencv\build\x64\vc15\bin;;."/>
    <property name="java.vm.info" value="mixed mode"/>
    <property name="java.vendor" value="Oracle Corporation"/>
    <property name="java.vm.version" value="25.231-b11"/>
    <property name="java.ext.dirs" value="C:\Program Files\Java\jdk1.8.0_231\jre\lib\ext;C:\WINDOWS\Sun\Java\lib\ext"/>
    <property name="sun.io.unicode.encoding" value="UnicodeLittle"/>
    <property name="maven.repo.local" value="C:\Software\Maven\repository"/>
    <property name="java.class.version" value="52.0"/>
  </properties>
  <testcase name="testAgg" classname="com.lyq.SpringbootElasticsearchApplicationTests" time="0.558">
    <error message="None of the configured nodes are available: [{#transport#-1}{9D54m7P-TwiU6Nm2F9iMoA}{127.0.0.1}{127.0.0.1:9300}]" type="org.elasticsearch.client.transport.NoNodeAvailableException">org.elasticsearch.client.transport.NoNodeAvailableException: None of the configured nodes are available: [{#transport#-1}{9D54m7P-TwiU6Nm2F9iMoA}{127.0.0.1}{127.0.0.1:9300}]
	at com.lyq.SpringbootElasticsearchApplicationTests.testAgg(SpringbootElasticsearchApplicationTests.java:182)
</error>
    <system-out><![CDATA[16:37:47.120 [main] DEBUG org.springframework.test.context.junit4.SpringJUnit4ClassRunner - SpringJUnit4ClassRunner constructor called with [class com.lyq.SpringbootElasticsearchApplicationTests]
16:37:47.126 [main] DEBUG org.springframework.test.context.BootstrapUtils - Instantiating CacheAwareContextLoaderDelegate from class [org.springframework.test.context.cache.DefaultCacheAwareContextLoaderDelegate]
16:37:47.137 [main] DEBUG org.springframework.test.context.BootstrapUtils - Instantiating BootstrapContext using constructor [public org.springframework.test.context.support.DefaultBootstrapContext(java.lang.Class,org.springframework.test.context.CacheAwareContextLoaderDelegate)]
16:37:47.175 [main] DEBUG org.springframework.test.context.BootstrapUtils - Instantiating TestContextBootstrapper for test class [com.lyq.SpringbootElasticsearchApplicationTests] from class [org.springframework.boot.test.context.SpringBootTestContextBootstrapper]
16:37:47.204 [main] INFO org.springframework.boot.test.context.SpringBootTestContextBootstrapper - Neither @ContextConfiguration nor @ContextHierarchy found for test class [com.lyq.SpringbootElasticsearchApplicationTests], using SpringBootContextLoader
16:37:47.209 [main] DEBUG org.springframework.test.context.support.AbstractContextLoader - Did not detect default resource location for test class [com.lyq.SpringbootElasticsearchApplicationTests]: class path resource [com/lyq/SpringbootElasticsearchApplicationTests-context.xml] does not exist
16:37:47.210 [main] DEBUG org.springframework.test.context.support.AbstractContextLoader - Did not detect default resource location for test class [com.lyq.SpringbootElasticsearchApplicationTests]: class path resource [com/lyq/SpringbootElasticsearchApplicationTestsContext.groovy] does not exist
16:37:47.210 [main] INFO org.springframework.test.context.support.AbstractContextLoader - Could not detect default resource locations for test class [com.lyq.SpringbootElasticsearchApplicationTests]: no resource found for suffixes {-context.xml, Context.groovy}.
16:37:47.211 [main] INFO org.springframework.test.context.support.AnnotationConfigContextLoaderUtils - Could not detect default configuration classes for test class [com.lyq.SpringbootElasticsearchApplicationTests]: SpringbootElasticsearchApplicationTests does not declare any static, non-private, non-final, nested classes annotated with @Configuration.
16:37:47.274 [main] DEBUG org.springframework.test.context.support.ActiveProfilesUtils - Could not find an 'annotation declaring class' for annotation type [org.springframework.test.context.ActiveProfiles] and class [com.lyq.SpringbootElasticsearchApplicationTests]
16:37:47.375 [main] DEBUG org.springframework.context.annotation.ClassPathScanningCandidateComponentProvider - Identified candidate component class: file [C:\Software\Java EE workspace\mall-test\mall-elasticsearch\target\classes\com\lyq\Application.class]
16:37:47.376 [main] INFO org.springframework.boot.test.context.SpringBootTestContextBootstrapper - Found @SpringBootConfiguration com.lyq.Application for test class com.lyq.SpringbootElasticsearchApplicationTests
16:37:47.603 [main] DEBUG org.springframework.boot.test.context.SpringBootTestContextBootstrapper - @TestExecutionListeners is not present for class [com.lyq.SpringbootElasticsearchApplicationTests]: using defaults.
16:37:47.605 [main] INFO org.springframework.boot.test.context.SpringBootTestContextBootstrapper - Loaded default TestExecutionListener class names from location [META-INF/spring.factories]: [org.springframework.boot.test.mock.mockito.MockitoTestExecutionListener, org.springframework.boot.test.mock.mockito.ResetMocksTestExecutionListener, org.springframework.boot.test.autoconfigure.restdocs.RestDocsTestExecutionListener, org.springframework.boot.test.autoconfigure.web.client.MockRestServiceServerResetTestExecutionListener, org.springframework.boot.test.autoconfigure.web.servlet.MockMvcPrintOnlyOnFailureTestExecutionListener, org.springframework.boot.test.autoconfigure.web.servlet.WebDriverTestExecutionListener, org.springframework.test.context.web.ServletTestExecutionListener, org.springframework.test.context.support.DirtiesContextBeforeModesTestExecutionListener, org.springframework.test.context.support.DependencyInjectionTestExecutionListener, org.springframework.test.context.support.DirtiesContextTestExecutionListener, org.springframework.test.context.transaction.TransactionalTestExecutionListener, org.springframework.test.context.jdbc.SqlScriptsTestExecutionListener, org.springframework.test.context.event.EventPublishingTestExecutionListener]
16:37:47.643 [main] INFO org.springframework.boot.test.context.SpringBootTestContextBootstrapper - Using TestExecutionListeners: [org.springframework.test.context.web.ServletTestExecutionListener@2af004b, org.springframework.test.context.support.DirtiesContextBeforeModesTestExecutionListener@248e319b, org.springframework.boot.test.mock.mockito.MockitoTestExecutionListener@5d0bf09b, org.springframework.boot.test.autoconfigure.SpringBootDependencyInjectionTestExecutionListener@793f29ff, org.springframework.test.context.support.DirtiesContextTestExecutionListener@3e8c3cb, org.springframework.test.context.transaction.TransactionalTestExecutionListener@563f38c4, org.springframework.test.context.jdbc.SqlScriptsTestExecutionListener@543295b0, org.springframework.test.context.event.EventPublishingTestExecutionListener@54422e18, org.springframework.boot.test.mock.mockito.ResetMocksTestExecutionListener@117159c0, org.springframework.boot.test.autoconfigure.restdocs.RestDocsTestExecutionListener@3e27ba32, org.springframework.boot.test.autoconfigure.web.client.MockRestServiceServerResetTestExecutionListener@7ef82753, org.springframework.boot.test.autoconfigure.web.servlet.MockMvcPrintOnlyOnFailureTestExecutionListener@3b0fe47a, org.springframework.boot.test.autoconfigure.web.servlet.WebDriverTestExecutionListener@202b0582]
16:37:47.656 [main] DEBUG org.springframework.test.annotation.ProfileValueUtils - Retrieved @ProfileValueSourceConfiguration [null] for test class [com.lyq.SpringbootElasticsearchApplicationTests]
16:37:47.657 [main] DEBUG org.springframework.test.annotation.ProfileValueUtils - Retrieved ProfileValueSource type [class org.springframework.test.annotation.SystemProfileValueSource] for class [com.lyq.SpringbootElasticsearchApplicationTests]
16:37:47.694 [main] DEBUG org.springframework.test.context.junit4.SpringJUnit4ClassRunner - SpringJUnit4ClassRunner constructor called with [class com.lyq.SpringbootElasticsearchApplicationTests]
16:37:47.694 [main] DEBUG org.springframework.test.context.BootstrapUtils - Instantiating CacheAwareContextLoaderDelegate from class [org.springframework.test.context.cache.DefaultCacheAwareContextLoaderDelegate]
16:37:47.694 [main] DEBUG org.springframework.test.context.BootstrapUtils - Instantiating BootstrapContext using constructor [public org.springframework.test.context.support.DefaultBootstrapContext(java.lang.Class,org.springframework.test.context.CacheAwareContextLoaderDelegate)]
16:37:47.695 [main] DEBUG org.springframework.test.context.BootstrapUtils - Instantiating TestContextBootstrapper for test class [com.lyq.SpringbootElasticsearchApplicationTests] from class [org.springframework.boot.test.context.SpringBootTestContextBootstrapper]
16:37:47.696 [main] INFO org.springframework.boot.test.context.SpringBootTestContextBootstrapper - Neither @ContextConfiguration nor @ContextHierarchy found for test class [com.lyq.SpringbootElasticsearchApplicationTests], using SpringBootContextLoader
16:37:47.697 [main] DEBUG org.springframework.test.context.support.AbstractContextLoader - Did not detect default resource location for test class [com.lyq.SpringbootElasticsearchApplicationTests]: class path resource [com/lyq/SpringbootElasticsearchApplicationTests-context.xml] does not exist
16:37:47.698 [main] DEBUG org.springframework.test.context.support.AbstractContextLoader - Did not detect default resource location for test class [com.lyq.SpringbootElasticsearchApplicationTests]: class path resource [com/lyq/SpringbootElasticsearchApplicationTestsContext.groovy] does not exist
16:37:47.698 [main] INFO org.springframework.test.context.support.AbstractContextLoader - Could not detect default resource locations for test class [com.lyq.SpringbootElasticsearchApplicationTests]: no resource found for suffixes {-context.xml, Context.groovy}.
16:37:47.698 [main] INFO org.springframework.test.context.support.AnnotationConfigContextLoaderUtils - Could not detect default configuration classes for test class [com.lyq.SpringbootElasticsearchApplicationTests]: SpringbootElasticsearchApplicationTests does not declare any static, non-private, non-final, nested classes annotated with @Configuration.
16:37:47.702 [main] DEBUG org.springframework.test.context.support.ActiveProfilesUtils - Could not find an 'annotation declaring class' for annotation type [org.springframework.test.context.ActiveProfiles] and class [com.lyq.SpringbootElasticsearchApplicationTests]
16:37:47.703 [main] INFO org.springframework.boot.test.context.SpringBootTestContextBootstrapper - Found @SpringBootConfiguration com.lyq.Application for test class com.lyq.SpringbootElasticsearchApplicationTests
16:37:47.707 [main] DEBUG org.springframework.boot.test.context.SpringBootTestContextBootstrapper - @TestExecutionListeners is not present for class [com.lyq.SpringbootElasticsearchApplicationTests]: using defaults.
16:37:47.708 [main] INFO org.springframework.boot.test.context.SpringBootTestContextBootstrapper - Loaded default TestExecutionListener class names from location [META-INF/spring.factories]: [org.springframework.boot.test.mock.mockito.MockitoTestExecutionListener, org.springframework.boot.test.mock.mockito.ResetMocksTestExecutionListener, org.springframework.boot.test.autoconfigure.restdocs.RestDocsTestExecutionListener, org.springframework.boot.test.autoconfigure.web.client.MockRestServiceServerResetTestExecutionListener, org.springframework.boot.test.autoconfigure.web.servlet.MockMvcPrintOnlyOnFailureTestExecutionListener, org.springframework.boot.test.autoconfigure.web.servlet.WebDriverTestExecutionListener, org.springframework.test.context.web.ServletTestExecutionListener, org.springframework.test.context.support.DirtiesContextBeforeModesTestExecutionListener, org.springframework.test.context.support.DependencyInjectionTestExecutionListener, org.springframework.test.context.support.DirtiesContextTestExecutionListener, org.springframework.test.context.transaction.TransactionalTestExecutionListener, org.springframework.test.context.jdbc.SqlScriptsTestExecutionListener, org.springframework.test.context.event.EventPublishingTestExecutionListener]
16:37:47.708 [main] INFO org.springframework.boot.test.context.SpringBootTestContextBootstrapper - Using TestExecutionListeners: [org.springframework.test.context.web.ServletTestExecutionListener@536f2a7e, org.springframework.test.context.support.DirtiesContextBeforeModesTestExecutionListener@72bc6553, org.springframework.boot.test.mock.mockito.MockitoTestExecutionListener@66982506, org.springframework.boot.test.autoconfigure.SpringBootDependencyInjectionTestExecutionListener@70cf32e3, org.springframework.test.context.support.DirtiesContextTestExecutionListener@5a59ca5e, org.springframework.test.context.transaction.TransactionalTestExecutionListener@4bdeaabb, org.springframework.test.context.jdbc.SqlScriptsTestExecutionListener@6c4906d3, org.springframework.test.context.event.EventPublishingTestExecutionListener@65987993, org.springframework.boot.test.mock.mockito.ResetMocksTestExecutionListener@71075444, org.springframework.boot.test.autoconfigure.restdocs.RestDocsTestExecutionListener@4f32a3ad, org.springframework.boot.test.autoconfigure.web.client.MockRestServiceServerResetTestExecutionListener@6b695b06, org.springframework.boot.test.autoconfigure.web.servlet.MockMvcPrintOnlyOnFailureTestExecutionListener@4d1bf319, org.springframework.boot.test.autoconfigure.web.servlet.WebDriverTestExecutionListener@6f53b8a]
16:37:47.708 [main] DEBUG org.springframework.test.annotation.ProfileValueUtils - Retrieved @ProfileValueSourceConfiguration [null] for test class [com.lyq.SpringbootElasticsearchApplicationTests]
16:37:47.709 [main] DEBUG org.springframework.test.annotation.ProfileValueUtils - Retrieved ProfileValueSource type [class org.springframework.test.annotation.SystemProfileValueSource] for class [com.lyq.SpringbootElasticsearchApplicationTests]
16:37:47.787 [main] DEBUG org.springframework.test.annotation.ProfileValueUtils - Retrieved @ProfileValueSourceConfiguration [null] for test class [com.lyq.SpringbootElasticsearchApplicationTests]
16:37:47.788 [main] DEBUG org.springframework.test.annotation.ProfileValueUtils - Retrieved ProfileValueSource type [class org.springframework.test.annotation.SystemProfileValueSource] for class [com.lyq.SpringbootElasticsearchApplicationTests]
16:37:47.792 [main] DEBUG org.springframework.test.annotation.ProfileValueUtils - Retrieved @ProfileValueSourceConfiguration [null] for test class [com.lyq.SpringbootElasticsearchApplicationTests]
16:37:47.793 [main] DEBUG org.springframework.test.annotation.ProfileValueUtils - Retrieved ProfileValueSource type [class org.springframework.test.annotation.SystemProfileValueSource] for class [com.lyq.SpringbootElasticsearchApplicationTests]
16:37:47.793 [main] DEBUG org.springframework.test.annotation.ProfileValueUtils - Retrieved @ProfileValueSourceConfiguration [null] for test class [com.lyq.SpringbootElasticsearchApplicationTests]
16:37:47.793 [main] DEBUG org.springframework.test.annotation.ProfileValueUtils - Retrieved ProfileValueSource type [class org.springframework.test.annotation.SystemProfileValueSource] for class [com.lyq.SpringbootElasticsearchApplicationTests]
16:37:47.801 [main] DEBUG org.springframework.test.context.support.AbstractDirtiesContextTestExecutionListener - Before test class: context [DefaultTestContext@81d9a72 testClass = SpringbootElasticsearchApplicationTests, testInstance = [null], testMethod = [null], testException = [null], mergedContextConfiguration = [WebMergedContextConfiguration@747f281 testClass = SpringbootElasticsearchApplicationTests, locations = '{}', classes = '{class com.lyq.Application}', contextInitializerClasses = '[]', activeProfiles = '{}', propertySourceLocations = '{}', propertySourceProperties = '{org.springframework.boot.test.context.SpringBootTestContextBootstrapper=true}', contextCustomizers = set[org.springframework.boot.test.context.filter.ExcludeFilterContextCustomizer@22a637e7, org.springframework.boot.test.json.DuplicateJsonObjectContextCustomizerFactory$DuplicateJsonObjectContextCustomizer@659a969b, org.springframework.boot.test.mock.mockito.MockitoContextCustomizer@0, org.springframework.boot.test.web.client.TestRestTemplateContextCustomizer@34b7ac2f, org.springframework.boot.test.autoconfigure.properties.PropertyMappingContextCustomizer@0, org.springframework.boot.test.autoconfigure.web.servlet.WebDriverContextCustomizerFactory$Customizer@1817d444], resourceBasePath = 'src/main/webapp', contextLoader = 'org.springframework.boot.test.context.SpringBootContextLoader', parent = [null]], attributes = map['org.springframework.test.context.web.ServletTestExecutionListener.activateListener' -> true]], class annotated with @DirtiesContext [false] with mode [null].
16:37:47.804 [main] DEBUG org.springframework.test.annotation.ProfileValueUtils - Retrieved @ProfileValueSourceConfiguration [null] for test class [com.lyq.SpringbootElasticsearchApplicationTests]
16:37:47.804 [main] DEBUG org.springframework.test.annotation.ProfileValueUtils - Retrieved ProfileValueSource type [class org.springframework.test.annotation.SystemProfileValueSource] for class [com.lyq.SpringbootElasticsearchApplicationTests]
16:37:47.846 [main] DEBUG org.springframework.test.context.support.TestPropertySourceUtils - Adding inlined properties to environment: {spring.jmx.enabled=false, org.springframework.boot.test.context.SpringBootTestContextBootstrapper=true, server.port=-1}
2020-01-13 16:37:48.199  INFO 1212 --- [           main] c.a.dubbo.common.logger.LoggerFactory    : using logger: com.alibaba.dubbo.common.logger.slf4j.Slf4jLoggerAdapter

  ████████▄  ███    █▄  ?█████████▄  ?█████████▄   ▄██████▄  
  ███   ?███ ███    ███   ███    ███   ███    ███ ███    ███ 
  ███    ███ ███    ███   ███    ███   ███    ███ ███    ███ 
  ███    ███ ███    ███  ▄███▄▄▄██?   ▄███▄▄▄██?  ███    ███ 
  ███    ███ ███    ███ ??███???██▄  ??███???██▄  ███    ███ 
  ███    ███ ███    ███   ███    ██▄   ███    ██▄ ███    ███ 
  ███   ▄███ ███    ███   ███    ███   ███    ███ ███    ███ 
  ████████?  ████████?  ▄█████████?  ▄█████████?   ?██████?  
                                                             

 :: Dubbo ::        (v2.6.0)

  .   ____          _            __ _ _
 /\\ / ___'_ __ _ _(_)_ __  __ _ \ \ \ \
( ( )\___ | '_ | '_| | '_ \/ _` | \ \ \ \
 \\/  ___)| |_)| | | | | || (_| |  ) ) ) )
  '  |____| .__|_| |_|_| |_\__, | / / / /
 =========|_|==============|___/=/_/_/_/
 :: Spring Boot ::        (v2.2.0.RELEASE)

2020-01-13 16:37:48.453  INFO 1212 --- [           main] .SpringbootElasticsearchApplicationTests : Starting SpringbootElasticsearchApplicationTests on LAPTOP-K9P2CRVV with PID 1212 (started by 97938 in C:\Software\Java EE workspace\mall-test\mall-elasticsearch)
2020-01-13 16:37:48.456  INFO 1212 --- [           main] .SpringbootElasticsearchApplicationTests : No active profile set, falling back to default profiles: default
2020-01-13 16:37:50.596  INFO 1212 --- [           main] .s.d.r.c.RepositoryConfigurationDelegate : Bootstrapping Spring Data repositories in DEFAULT mode.
2020-01-13 16:37:50.766  INFO 1212 --- [           main] .s.d.r.c.RepositoryConfigurationDelegate : Finished Spring Data repository scanning in 148ms. Found 1 repository interfaces.
2020-01-13 16:37:50.776  INFO 1212 --- [           main] .s.d.r.c.RepositoryConfigurationDelegate : Bootstrapping Spring Data repositories in DEFAULT mode.
2020-01-13 16:37:50.784  INFO 1212 --- [           main] .s.d.r.c.RepositoryConfigurationDelegate : Finished Spring Data repository scanning in 9ms. Found 0 repository interfaces.
2020-01-13 16:37:53.514  INFO 1212 --- [           main] o.elasticsearch.plugins.PluginsService   : no modules loaded
2020-01-13 16:37:53.516  INFO 1212 --- [           main] o.elasticsearch.plugins.PluginsService   : loaded plugin [org.elasticsearch.index.reindex.ReindexPlugin]
2020-01-13 16:37:53.516  INFO 1212 --- [           main] o.elasticsearch.plugins.PluginsService   : loaded plugin [org.elasticsearch.join.ParentJoinPlugin]
2020-01-13 16:37:53.516  INFO 1212 --- [           main] o.elasticsearch.plugins.PluginsService   : loaded plugin [org.elasticsearch.percolator.PercolatorPlugin]
2020-01-13 16:37:53.516  INFO 1212 --- [           main] o.elasticsearch.plugins.PluginsService   : loaded plugin [org.elasticsearch.script.mustache.MustachePlugin]
2020-01-13 16:37:53.516  INFO 1212 --- [           main] o.elasticsearch.plugins.PluginsService   : loaded plugin [org.elasticsearch.transport.Netty4Plugin]
2020-01-13 16:37:57.374  INFO 1212 --- [           main] o.s.d.e.c.TransportClientFactoryBean     : Adding transport node : 127.0.0.1:9300
2020-01-13 16:38:00.961 ERROR 1212 --- [           main] .d.e.r.s.AbstractElasticsearchRepository : failed to load elasticsearch nodes : org.elasticsearch.client.transport.NoNodeAvailableException: None of the configured nodes are available: [{#transport#-1}{9D54m7P-TwiU6Nm2F9iMoA}{127.0.0.1}{127.0.0.1:9300}]
2020-01-13 16:38:01.470  INFO 1212 --- [           main] o.s.s.concurrent.ThreadPoolTaskExecutor  : Initializing ExecutorService 'applicationTaskExecutor'
2020-01-13 16:38:01.828  WARN 1212 --- [           main] ion$DefaultTemplateResolverConfiguration : Cannot find template location: classpath:/templates/ (please add some templates or check your Thymeleaf configuration)
2020-01-13 16:38:03.718  INFO 1212 --- [           main] o.s.b.a.e.web.EndpointLinksResolver      : Exposing 2 endpoint(s) beneath base path '/actuator'
2020-01-13 16:38:03.833  INFO 1212 --- [           main] .SpringbootElasticsearchApplicationTests : Started SpringbootElasticsearchApplicationTests in 15.967 seconds (JVM running for 17.62)
]]></system-out>
  </testcase>
  <testcase name="delete" classname="com.lyq.SpringbootElasticsearchApplicationTests" time="0.01">
    <error message="None of the configured nodes are available: [{#transport#-1}{9D54m7P-TwiU6Nm2F9iMoA}{127.0.0.1}{127.0.0.1:9300}]" type="org.elasticsearch.client.transport.NoNodeAvailableException">org.elasticsearch.client.transport.NoNodeAvailableException: None of the configured nodes are available: [{#transport#-1}{9D54m7P-TwiU6Nm2F9iMoA}{127.0.0.1}{127.0.0.1:9300}]
	at com.lyq.SpringbootElasticsearchApplicationTests.delete(SpringbootElasticsearchApplicationTests.java:89)
</error>
  </testcase>
  <testcase name="insert" classname="com.lyq.SpringbootElasticsearchApplicationTests" time="0.097">
    <error message="None of the configured nodes are available: [{#transport#-1}{9D54m7P-TwiU6Nm2F9iMoA}{127.0.0.1}{127.0.0.1:9300}]" type="org.elasticsearch.client.transport.NoNodeAvailableException">org.elasticsearch.client.transport.NoNodeAvailableException: None of the configured nodes are available: [{#transport#-1}{9D54m7P-TwiU6Nm2F9iMoA}{127.0.0.1}{127.0.0.1:9300}]
	at com.lyq.SpringbootElasticsearchApplicationTests.insert(SpringbootElasticsearchApplicationTests.java:61)
</error>
  </testcase>
  <testcase name="deleteIndex" classname="com.lyq.SpringbootElasticsearchApplicationTests" time="0.004">
    <error message="None of the configured nodes are available: [{#transport#-1}{9D54m7P-TwiU6Nm2F9iMoA}{127.0.0.1}{127.0.0.1:9300}]" type="org.elasticsearch.client.transport.NoNodeAvailableException">org.elasticsearch.client.transport.NoNodeAvailableException: None of the configured nodes are available: [{#transport#-1}{9D54m7P-TwiU6Nm2F9iMoA}{127.0.0.1}{127.0.0.1:9300}]
	at com.lyq.SpringbootElasticsearchApplicationTests.deleteIndex(SpringbootElasticsearchApplicationTests.java:52)
</error>
  </testcase>
  <testcase name="search" classname="com.lyq.SpringbootElasticsearchApplicationTests" time="0.008">
    <error message="None of the configured nodes are available: [{#transport#-1}{9D54m7P-TwiU6Nm2F9iMoA}{127.0.0.1}{127.0.0.1:9300}]" type="org.elasticsearch.client.transport.NoNodeAvailableException">org.elasticsearch.client.transport.NoNodeAvailableException: None of the configured nodes are available: [{#transport#-1}{9D54m7P-TwiU6Nm2F9iMoA}{127.0.0.1}{127.0.0.1:9300}]
	at com.lyq.SpringbootElasticsearchApplicationTests.search(SpringbootElasticsearchApplicationTests.java:122)
</error>
  </testcase>
  <testcase name="createIndex" classname="com.lyq.SpringbootElasticsearchApplicationTests" time="0.005">
    <error message="None of the configured nodes are available: [{#transport#-1}{9D54m7P-TwiU6Nm2F9iMoA}{127.0.0.1}{127.0.0.1:9300}]" type="org.elasticsearch.client.transport.NoNodeAvailableException">org.elasticsearch.client.transport.NoNodeAvailableException: None of the configured nodes are available: [{#transport#-1}{9D54m7P-TwiU6Nm2F9iMoA}{127.0.0.1}{127.0.0.1:9300}]
	at com.lyq.SpringbootElasticsearchApplicationTests.createIndex(SpringbootElasticsearchApplicationTests.java:42)
</error>
  </testcase>
  <testcase name="queryByPriceBetween" classname="com.lyq.SpringbootElasticsearchApplicationTests" time="0.024">
    <error message="None of the configured nodes are available: [{#transport#-1}{9D54m7P-TwiU6Nm2F9iMoA}{127.0.0.1}{127.0.0.1:9300}]" type="org.elasticsearch.client.transport.NoNodeAvailableException">org.elasticsearch.client.transport.NoNodeAvailableException: None of the configured nodes are available: [{#transport#-1}{9D54m7P-TwiU6Nm2F9iMoA}{127.0.0.1}{127.0.0.1:9300}]
	at com.lyq.SpringbootElasticsearchApplicationTests.queryByPriceBetween(SpringbootElasticsearchApplicationTests.java:108)
</error>
  </testcase>
  <testcase name="searchByPage" classname="com.lyq.SpringbootElasticsearchApplicationTests" time="0.005">
    <error message="None of the configured nodes are available: [{#transport#-1}{9D54m7P-TwiU6Nm2F9iMoA}{127.0.0.1}{127.0.0.1:9300}]" type="org.elasticsearch.client.transport.NoNodeAvailableException">org.elasticsearch.client.transport.NoNodeAvailableException: None of the configured nodes are available: [{#transport#-1}{9D54m7P-TwiU6Nm2F9iMoA}{127.0.0.1}{127.0.0.1:9300}]
	at com.lyq.SpringbootElasticsearchApplicationTests.searchByPage(SpringbootElasticsearchApplicationTests.java:143)
</error>
  </testcase>
  <testcase name="query" classname="com.lyq.SpringbootElasticsearchApplicationTests" time="0.006">
    <error message="None of the configured nodes are available: [{#transport#-1}{9D54m7P-TwiU6Nm2F9iMoA}{127.0.0.1}{127.0.0.1:9300}]" type="org.elasticsearch.client.transport.NoNodeAvailableException">org.elasticsearch.client.transport.NoNodeAvailableException: None of the configured nodes are available: [{#transport#-1}{9D54m7P-TwiU6Nm2F9iMoA}{127.0.0.1}{127.0.0.1:9300}]
	at com.lyq.SpringbootElasticsearchApplicationTests.query(SpringbootElasticsearchApplicationTests.java:98)
</error>
  </testcase>
  <testcase name="searchAndSort" classname="com.lyq.SpringbootElasticsearchApplicationTests" time="0.023">
    <error message="None of the configured nodes are available: [{#transport#-1}{9D54m7P-TwiU6Nm2F9iMoA}{127.0.0.1}{127.0.0.1:9300}]" type="org.elasticsearch.client.transport.NoNodeAvailableException">org.elasticsearch.client.transport.NoNodeAvailableException: None of the configured nodes are available: [{#transport#-1}{9D54m7P-TwiU6Nm2F9iMoA}{127.0.0.1}{127.0.0.1:9300}]
	at com.lyq.SpringbootElasticsearchApplicationTests.searchAndSort(SpringbootElasticsearchApplicationTests.java:164)
</error>
  </testcase>
  <testcase name="insertList" classname="com.lyq.SpringbootElasticsearchApplicationTests" time="0.013">
    <error message="None of the configured nodes are available: [{#transport#-1}{9D54m7P-TwiU6Nm2F9iMoA}{127.0.0.1}{127.0.0.1:9300}]" type="org.elasticsearch.client.transport.NoNodeAvailableException">org.elasticsearch.client.transport.NoNodeAvailableException: None of the configured nodes are available: [{#transport#-1}{9D54m7P-TwiU6Nm2F9iMoA}{127.0.0.1}{127.0.0.1:9300}]
	at com.lyq.SpringbootElasticsearchApplicationTests.insertList(SpringbootElasticsearchApplicationTests.java:75)
</error>
  </testcase>
  <testcase name="testSubAgg" classname="com.lyq.SpringbootElasticsearchApplicationTests" time="0.004">
    <error message="None of the configured nodes are available: [{#transport#-1}{9D54m7P-TwiU6Nm2F9iMoA}{127.0.0.1}{127.0.0.1:9300}]" type="org.elasticsearch.client.transport.NoNodeAvailableException">org.elasticsearch.client.transport.NoNodeAvailableException: None of the configured nodes are available: [{#transport#-1}{9D54m7P-TwiU6Nm2F9iMoA}{127.0.0.1}{127.0.0.1:9300}]
	at com.lyq.SpringbootElasticsearchApplicationTests.testSubAgg(SpringbootElasticsearchApplicationTests.java:212)
</error>
  </testcase>
</testsuite>